 2024 / 7
       / 1 - POST /api/v1/users/signup ::1 400 22ms
 2024 / 7
       / 1 - POST /api/v1/users/login ::1 500 18ms
 2024 / 7
       / 1 - POST /api/v1/users/login ::1 200 341ms
 2024 / 7
       / 1 - POST /api/v1/users/login ::1 400 286ms
 2024 / 7
       / 1 - POST /api/v1/users/login ::1 400 5ms
 2024 / 7
       / 1 - POST /api/v1/users/login ::1 400 16ms
 2024 / 7
       / 1 - POST /api/v1/users/login ::1 400 16ms
 2024 / 7
       / 1 - POST /api/v1/users/login ::1 500 109ms
 2024 / 7
       / 1 - POST /api/v1/users/login ::1 200 128ms
 2024 / 7
       / 1 - POST /api/v1/users/login ::1 200 130ms
 2024 / 7
       / 1 - POST /api/v1/users/login ::1 200 103ms
 2024 / 7
       / 1 - GET /api/v1/users/logout ::1 400 8ms
 2024 / 7
       / 1 - POST /api/v1/users/logout ::1 200 2ms
 2024 / 7
       / 1 - POST /api/v1/users/signup ::1 400 26ms
 2024 / 7
       / 1 - POST /api/v1/users/login ::1 200 125ms
 2024 / 7
       / 1 - POST /api/v1/users/login ::1 200 104ms
 2024 / 7
       / 1 - POST /api/v1/users/login ::1 400 3ms
 2024 / 7
       / 1 - POST /api/v1/users/logout ::1 200 1ms
 2024 / 7
       / 1 - POST /api/v1/users/logout ::1 500 8ms
 2024 / 7
       / 1 - POST /api/v1/users/logout ::1 200 5ms
 2024 / 7
       / 1 - GET /api/v1/users ::1 400 12ms
 2024 / 7
       / 1 - GET /api/v1/users ::1 200 35ms
 2024 / 7
       / 1 - GET /api/v1/users ::1 500 16ms
 2024 / 7
       / 1 - GET /api/v1/users ::1 200 34ms
 2024 / 7
       / 1 - GET /api/v1/users ::1 200 25ms
 2024 / 7
       / 1 - GET /api/v1/users ::1 200 102ms
 2024 / 7
       / 1 - GET /api/v1/users ::1 200 48ms
